
ROM used:   2770/32768 (8%)
            2770/32768 (8%) including unused fragments

            2.2 Average locations per line
            26.9 Average locations per statement

RAM used:   109/1536 (7%) at main() level
            149/1536 (10%) worst case

Stack used: 4 worst case (3 in main + 1 for interrupts)
Stack size: 31

Lines Stmts  %   Files
----- ----- ---  -----
   84    42  41  PWMLab.c
  856     0   0  C:\Program Files (x86)\PICC\Devices\18f4520.h
  137     0   0  ..\..\Library\myLibrary.h
  185    61  59  ..\..\Library\modifiedlcd.h
----- -----
 1262   103 Total

Page ROM  %  RAM    Vol Diff  Functions:
---- --- --- ---    --- ----  ----------
0     38   1    1             @delay_ms1
0     20   0    0             @const782
0     60   1    3    463  4.3  lcd_read_byte
0     30   1    1    134  2.2  lcd_send_nibble
0     54   1    3    317  4.3  lcd_send_byte
0     58   1    2    319  4.7  lcd_init
0     36   1    4    186  5.5  lcd_gotoxy
0     66   1    1    272  4.1  lcd_putc
0     12   0    0     29  1.2  int_timer1_isr
0    102   2    4    129  3.0  int_ccp1_isr
0     86   2   14             @MUL3232
0     18   0    0     59  2.2  int_ext_isr
0    724  13    8   1070  5.7  MAIN
0     10   0    0             @const823
0     56   1    2             @ITOF
0    242   4   11             @MULFF
0    348   6   14             @DIVFF
0     32   1    3             @PSTRINGCN_802
0     64   1    5             @FTOSD
0    142   3   13             @DIV3232
0    378   7   13             @PRINTF_L32D_802FPFPF
 Inline         0             @cinit1

Program metrics:
    Functions               10
    Statements              103
    Comments                252
    Volume (V)              4613
    Difficulty (D)          36.7
    Effort to implement (E) 169082
    Time to implement (T)   2 hours, 37 minutes
    Est Delivered Bugs (B)  1
    Cyclomatic Complexity   11
    Maintainability (MI)    151

 Segment     Used  Free
-----------  ----  ----
00000-00002     4  0  
00004-00006     0  4  
00008-000C4   190  0  
000C6-07FFE  2576  29994  



