Compiling D:\Microcontrollers\GPIO\LED Matrix Class\LEDMatrix on 06-Sep-23 at 14:32
>>> Warning 203 "D:\Microcontrollers\GPIO\LED Matrix Class\LEDMatrix.c" Line 13(1,1): Condition always TRUE
>>> Warning 208 "D:\Microcontrollers\GPIO\LED Matrix Class\LEDMatrix.c" Line 7(5,9): Function not void and does not return a value  MAIN
>>> Warning 202 "D:\Microcontrollers\Library\myLibrary.h" Line 3(6,11): Variable never used:   TRISA
>>> Warning 202 "D:\Microcontrollers\Library\myLibrary.h" Line 4(6,11): Variable never used:   TRISB
>>> Warning 202 "D:\Microcontrollers\Library\myLibrary.h" Line 6(6,11): Variable never used:   TRISD
>>> Warning 202 "D:\Microcontrollers\Library\myLibrary.h" Line 7(6,11): Variable never used:   TRISE
>>> Warning 202 "D:\Microcontrollers\Library\myLibrary.h" Line 9(6,10): Variable never used:   LATA
>>> Warning 202 "D:\Microcontrollers\Library\myLibrary.h" Line 10(6,10): Variable never used:   LATB
>>> Warning 202 "D:\Microcontrollers\Library\myLibrary.h" Line 11(6,10): Variable never used:   LATC
>>> Warning 202 "D:\Microcontrollers\Library\myLibrary.h" Line 12(6,10): Variable never used:   LATD
>>> Warning 202 "D:\Microcontrollers\Library\myLibrary.h" Line 13(6,10): Variable never used:   LATE
>>> Warning 202 "D:\Microcontrollers\Library\myLibrary.h" Line 15(6,11): Variable never used:   PORTA
>>> Warning 202 "D:\Microcontrollers\Library\myLibrary.h" Line 16(6,11): Variable never used:   PORTB
>>> Warning 202 "D:\Microcontrollers\Library\myLibrary.h" Line 17(6,11): Variable never used:   PORTC
>>> Warning 202 "D:\Microcontrollers\Library\myLibrary.h" Line 18(6,11): Variable never used:   PORTD
>>> Warning 202 "D:\Microcontrollers\Library\myLibrary.h" Line 19(6,11): Variable never used:   PORTE
>>> Warning 202 "D:\Microcontrollers\Library\myLibrary.h" Line 27(17,23): Variable never used:   ADCON1
      Memory usage:   ROM=1%      RAM=3% - 3%
      0 Errors,  17 Warnings.
Build Successful.
