
ROM used:   68/16384 (0%)
            68/16384 (0%) including unused fragments

            0.1 Average locations per line
            17.0 Average locations per statement

RAM used:   11/1536 (1%) at main() level
            11/1536 (1%) worst case

Stack used: 0 worst case (0 in main + 0 for interrupts)
Stack size: 31

Lines Stmts  %   Files
----- ----- ---  -----
   21     4 100  Basic_Output_PORTC.c
  824     0   0  C:\Program Files (x86)\PICC\Devices\18F4520.h
----- -----
  845     4 Total

Page ROM  %  RAM   Vol Diff  Functions:
---- --- --- ---   --- ----  ----------
0     64  47    3    66  2.6  main
 Inline         0             @cinit1

Program metrics:
    Functions               1
    Statements              4
    Comments                148
    Volume (V)              68
    Difficulty (D)          2.3
    Effort to implement (E) 159
    Time to implement (T)   0 minutes
    Est Delivered Bugs (B)  0
    Cyclomatic Complexity   1
    Maintainability (MI)    126

 Segment     Used  Free
-----------  ----  ----
00000-00002     4  0  
00004-07FFE    64  32700  



