
ROM used:   2050/32768 (6%)
            2050/32768 (6%) including unused fragments

            1.6 Average locations per line
            20.1 Average locations per statement

RAM used:   101/1536 (7%) at main() level
            124/1536 (8%) worst case

Stack used: 4 worst case (3 in main + 1 for interrupts)
Stack size: 31

Lines Stmts  %   Files
----- ----- ---  -----
   74    41  40  Mod6_Lab_Compare_JamesMartin.c
  856     0   0  C:\Program Files (x86)\PICC\Devices\18f4520.h
  137     0   0  ..\..\Library\myLibrary.h
  185    61  60  ..\..\Library\modifiedlcd.h
----- -----
 1252   102 Total

Page ROM  %  RAM    Vol Diff  Functions:
---- --- --- ---    --- ----  ----------
0     38   1    1             @delay_ms1
0     20   0    0             @const781
0     60   1    3    463  4.3  lcd_read_byte
0     30   1    1    134  2.2  lcd_send_nibble
0     54   1    3    317  4.3  lcd_send_byte
0     58   1    2    319  4.7  lcd_init
0     36   1    4    186  5.5  lcd_gotoxy
0     68   2    1    272  4.1  lcd_putc
0     80   2    2     43  2.0  int_ad_isr
0     56   1    2             @ITOF
0    244   6   11             @MULFF
0     50   1    4     35  1.8  int_ccp1_isr
0    882  22    2   1381  6.2  MAIN
0    118   3   10             @FLT
0      6   0    0             @const822
0     32   1    2             @PSTRINGC_801
0      6   0    0             @const827
0      6   0    0             @const828
0      6   0    0             @const829
0     18   0    0             @const830
 Inline         0             @cinit1

Program metrics:
    Functions               9
    Statements              102
    Comments                243
    Volume (V)              4670
    Difficulty (D)          34.9
    Effort to implement (E) 163135
    Time to implement (T)   2 hours, 31 minutes
    Est Delivered Bugs (B)  1
    Cyclomatic Complexity   10
    Maintainability (MI)    148

 Segment     Used  Free
-----------  ----  ----
00000-00002     4  0  
00004-00006     0  4  
00008-000B8   178  0  
000BA-07FFE  1868  30714  



