
ROM used:   3626/32768 (11%)
            3626/32768 (11%) including unused fragments

            2.7 Average locations per line
            32.1 Average locations per statement

RAM used:   139/1536 (9%) at main() level
            175/1536 (11%) worst case

Stack used: 6 worst case (4 in main + 2 for interrupts)
Stack size: 31

Lines Stmts  %   Files
----- ----- ---  -----
  118    52  46  Cruise-Control.c
  856     0   0  C:\Program Files (x86)\PICC\Devices\18f4520.h
  191     0   0  ..\Library\myLibrary.h
  185    61  54  ..\Library\modifiedlcd.h
----- -----
 1350   113 Total

Page ROM  %  RAM    Vol Diff  Functions:
---- --- --- ---    --- ----  ----------
0     38   1    1             @delay_ms1
0     20   0    0             @const826
0     60   1    3    463  4.3  lcd_read_byte
0     30   0    1    134  2.2  lcd_send_nibble
0     54   1    3    317  4.3  lcd_send_byte
0     58   1    2    319  4.7  lcd_init
0     36   0    4    186  5.5  lcd_gotoxy
0     66   1    1    272  4.1  lcd_putc
0      8   0    0     13  1.0  int_timer1_isr
0    110   2    4    108  3.0  int_ccp2_isr
0     84   1   14             @MUL3232
0     40   1    3     61  2.3  int_ext0_isr
0     80   1    2     44  1.7  int_ad_isr
0     56   1    2             @ITOF
0    242   3   11             @MULFF
0   1216  17    4   1654  6.3  MAIN
0     54   1    4             @DTOF
0    346   5   14             @DIVFF
0     10   0    0             @const880
0     30   0    3             @PSTRINGCN_846
0     64   1    5             @FTOSD
0    142   2   13             @DIV3232
0    388   5   13             @PRINTF_L32D_846FPFPF
0     12   0    0             @const891
0     58   1    4             @SFTOI
0    118   2   10             @FLT
 Inline         0             @cinit1

Program metrics:
    Functions               11
    Statements              113
    Comments                279
    Volume (V)              5375
    Difficulty (D)          39.3
    Effort to implement (E) 211346
    Time to implement (T)   3 hours, 16 minutes
    Est Delivered Bugs (B)  1
    Cyclomatic Complexity   8
    Maintainability (MI)    151

 Segment     Used  Free
-----------  ----  ----
00000-00002     4  0  
00004-00006     0  4  
00008-000D0   202  0  
000D2-07FFE  3420  29138  



