Compiling D:\Microcontrollers\Cruise Control\Cruise-Control on 05-Dec-23 at 13:56
>>> Warning 203 "D:\Microcontrollers\Cruise Control\Cruise-Control.c" Line 89(1,1): Condition always TRUE
>>> Warning 208 "D:\Microcontrollers\Cruise Control\Cruise-Control.c" Line 44(1,5): Function not void and does not return a value  MAIN
>>> Warning 216 "D:\Microcontrollers\Cruise Control\Cruise-Control.c" Line 116(1,2): Interrupts disabled during call to prevent re-entrancy:  (@MULFF)
>>> Warning 216 "D:\Microcontrollers\Cruise Control\Cruise-Control.c" Line 116(1,2): Interrupts disabled during call to prevent re-entrancy:  (@MUL3232)
>>> Warning 202 "D:\Microcontrollers\Library\myLibrary.h" Line 6(6,11): Variable never used:   TRISD
>>> Warning 202 "D:\Microcontrollers\Library\myLibrary.h" Line 7(6,11): Variable never used:   TRISE
>>> Warning 202 "D:\Microcontrollers\Library\myLibrary.h" Line 9(6,10): Variable never used:   LATA
>>> Warning 202 "D:\Microcontrollers\Library\myLibrary.h" Line 10(6,10): Variable never used:   LATB
>>> Warning 202 "D:\Microcontrollers\Library\myLibrary.h" Line 11(6,10): Variable never used:   LATC
>>> Warning 202 "D:\Microcontrollers\Library\myLibrary.h" Line 12(6,10): Variable never used:   LATD
>>> Warning 202 "D:\Microcontrollers\Library\myLibrary.h" Line 13(6,10): Variable never used:   LATE
>>> Warning 202 "D:\Microcontrollers\Library\myLibrary.h" Line 15(6,11): Variable never used:   PORTA
>>> Warning 202 "D:\Microcontrollers\Library\myLibrary.h" Line 16(6,11): Variable never used:   PORTB
>>> Warning 202 "D:\Microcontrollers\Library\myLibrary.h" Line 17(6,11): Variable never used:   PORTC
>>> Warning 202 "D:\Microcontrollers\Library\myLibrary.h" Line 18(6,11): Variable never used:   PORTD
>>> Warning 202 "D:\Microcontrollers\Library\myLibrary.h" Line 19(6,11): Variable never used:   PORTE
>>> Warning 202 "D:\Microcontrollers\Library\myLibrary.h" Line 46(6,12): Variable never used:   ADRESH
>>> Warning 202 "D:\Microcontrollers\Library\myLibrary.h" Line 47(6,12): Variable never used:   ADRESL
>>> Warning 202 "D:\Microcontrollers\Library\myLibrary.h" Line 71(18,25): Variable never used:   INTCON3
>>> Warning 202 "D:\Microcontrollers\Library\myLibrary.h" Line 136(8,13): Variable never used:   CCPR1
>>> Warning 202 "D:\Microcontrollers\Library\myLibrary.h" Line 139(6,12): Variable never used:   CCPR2L
>>> Warning 202 "D:\Microcontrollers\Library\myLibrary.h" Line 148(18,25): Variable never used:   ECCP1AS
>>> Warning 202 "D:\Microcontrollers\Library\myLibrary.h" Line 161(16,21): Variable never used:   TXSTA
>>> Warning 202 "D:\Microcontrollers\Library\myLibrary.h" Line 173(16,21): Variable never used:   RCSTA
>>> Warning 202 "D:\Microcontrollers\Library\myLibrary.h" Line 185(18,25): Variable never used:   BAUDCON
>>> Warning 202 "D:\Microcontrollers\Library\myLibrary.h" Line 187(6,11): Variable never used:   SPBRG
>>> Warning 202 "D:\Microcontrollers\Library\myLibrary.h" Line 188(6,11): Variable never used:   TXREG
>>> Warning 202 "D:\Microcontrollers\Library\myLibrary.h" Line 189(6,11): Variable never used:   RCREG
      Memory usage:   ROM=11%      RAM=9% - 11%
      0 Errors,  28 Warnings.
Build Successful.
