
ROM used:   86/16384 (0%)
            86/16384 (0%) including unused fragments

            0.1 Average locations per line
            17.2 Average locations per statement

RAM used:   5/1536 (0%) at main() level
            6/1536 (0%) worst case

Stack used: 1 worst case (1 in main + 0 for interrupts)
Stack size: 31

Lines Stmts  %   Files
----- ----- ---  -----
   15     5 100  blink_led.c
  824     0   0  C:\Program Files (x86)\PICC\Devices\18f4520.h
----- -----
  839     5 Total

Page ROM  %  RAM   Vol Diff  Functions:
---- --- --- ---   --- ----  ----------
0     40  23    1             @delay_ms1
0     42  24    1    67  1.6  main
 Inline         0             @cinit1

Program metrics:
    Functions               1
    Statements              5
    Comments                140
    Volume (V)              70
    Difficulty (D)          1.3
    Effort to implement (E) 90
    Time to implement (T)   0 minutes
    Est Delivered Bugs (B)  0
    Cyclomatic Complexity   1
    Maintainability (MI)    98

 Segment     Used  Free
-----------  ----  ----
00000-00002     4  0  
00004-07FFE    82  32682  



